0 info it worked if it ends with ok
1 verbose cli [ 'node',
1 verbose cli   '/usr/local/bin/npm',
1 verbose cli   'install',
1 verbose cli   'git@github.com:tewen/generator-angularfire.git' ]
2 info using npm@1.4.14
3 info using node@v0.10.29
4 verbose readDependencies using package.json deps
5 verbose cache add [ 'git@github.com:tewen/generator-angularfire.git', null ]
6 verbose cache add name=undefined spec="git@github.com:tewen/generator-angularfire.git" args=["git@github.com:tewen/generator-angularfire.git",null]
7 verbose parsed url { protocol: null,
7 verbose parsed url   slashes: null,
7 verbose parsed url   auth: null,
7 verbose parsed url   host: null,
7 verbose parsed url   port: null,
7 verbose parsed url   hostname: null,
7 verbose parsed url   hash: null,
7 verbose parsed url   search: null,
7 verbose parsed url   query: null,
7 verbose parsed url   pathname: 'git@github.com:tewen/generator-angularfire.git',
7 verbose parsed url   path: 'git@github.com:tewen/generator-angularfire.git',
7 verbose parsed url   href: 'git@github.com:tewen/generator-angularfire.git' }
8 verbose cache add name="git" spec="github.com:tewen/generator-angularfire.git" args=["git","github.com:tewen/generator-angularfire.git"]
9 verbose parsed url { protocol: 'github.com:',
9 verbose parsed url   slashes: null,
9 verbose parsed url   auth: null,
9 verbose parsed url   host: 'tewen',
9 verbose parsed url   port: null,
9 verbose parsed url   hostname: 'tewen',
9 verbose parsed url   hash: null,
9 verbose parsed url   search: null,
9 verbose parsed url   query: null,
9 verbose parsed url   pathname: '/generator-angularfire.git',
9 verbose parsed url   path: '/generator-angularfire.git',
9 verbose parsed url   href: 'github.com:tewen/generator-angularfire.git' }
10 verbose addNamed [ 'git', 'github.com:tewen/generator-angularfire.git' ]
11 verbose addNamed [ null, null ]
12 silly lockFile d0bfacfc--tewen-generator-angularfire-git git@github.com:tewen/generator-angularfire.git
13 verbose lock git@github.com:tewen/generator-angularfire.git /Users/tewen/.npm/d0bfacfc--tewen-generator-angularfire-git.lock
14 info addNameTag [ 'git', 'github.com:tewen/generator-angularfire.git' ]
15 verbose registry.get git not expired, no request
16 info maybeGithub Attempting github.com:tewen/generator-angularfire.git from git://github.com/github.com:tewen/generator-angularfire.git
17 silly lockFile ae68ebef--tewen-generator-angularfire-git git://github.com/github.com:tewen/generator-angularfire.git
18 verbose lock git://github.com/github.com:tewen/generator-angularfire.git /Users/tewen/.npm/ae68ebef--tewen-generator-angularfire-git.lock
19 verbose addRemoteGit [ 'git://github.com/github.com:tewen/generator-angularfire.git',
19 verbose addRemoteGit   'master' ]
20 verbose git clone git://github.com/github.com:tewen/generator-angularfire.git Cloning into bare repository '/Users/tewen/.npm/_git-remotes/git-github-com-github-com-tewen-generator-angularfire-git-ae68ebef'...
20 verbose git clone git://github.com/github.com:tewen/generator-angularfire.git
20 verbose git clone git://github.com/github.com:tewen/generator-angularfire.git fatal: remote error:
20 verbose git clone git://github.com/github.com:tewen/generator-angularfire.git   github.com:tewen/generator-angularfire is not a valid repository name
20 verbose git clone git://github.com/github.com:tewen/generator-angularfire.git   Email support@github.com for help
21 silly lockFile ae68ebef--tewen-generator-angularfire-git git://github.com/github.com:tewen/generator-angularfire.git
22 silly lockFile ae68ebef--tewen-generator-angularfire-git git://github.com/github.com:tewen/generator-angularfire.git
23 info maybeGithub Attempting github.com:tewen/generator-angularfire.git from git+ssh://git@github.com:github.com:tewen/generator-angularfire.git
24 silly lockFile d87e70c0--tewen-generator-angularfire-git git@github.com:github.com:tewen/generator-angularfire.git
25 verbose lock git@github.com:github.com:tewen/generator-angularfire.git /Users/tewen/.npm/d87e70c0--tewen-generator-angularfire-git.lock
26 verbose addRemoteGit [ 'git@github.com:github.com:tewen/generator-angularfire.git',
26 verbose addRemoteGit   'master' ]
27 error git clone git@github.com:github.com:tewen/generator-angularfire.git Cloning into bare repository '/Users/tewen/.npm/_git-remotes/git-github-com-github-com-tewen-generator-angularfire-git-d87e70c0'...
27 error git clone git@github.com:github.com:tewen/generator-angularfire.git
27 error git clone git@github.com:github.com:tewen/generator-angularfire.git Permission denied (publickey).
27 error git clone git@github.com:github.com:tewen/generator-angularfire.git fatal: Could not read from remote repository.
27 error git clone git@github.com:github.com:tewen/generator-angularfire.git
27 error git clone git@github.com:github.com:tewen/generator-angularfire.git Please make sure you have the correct access rights
27 error git clone git@github.com:github.com:tewen/generator-angularfire.git and the repository exists.
28 silly lockFile d87e70c0--tewen-generator-angularfire-git git@github.com:github.com:tewen/generator-angularfire.git
29 silly lockFile d87e70c0--tewen-generator-angularfire-git git@github.com:github.com:tewen/generator-angularfire.git
30 silly lockFile d0bfacfc--tewen-generator-angularfire-git git@github.com:tewen/generator-angularfire.git
31 silly lockFile d0bfacfc--tewen-generator-angularfire-git git@github.com:tewen/generator-angularfire.git
32 error notarget No compatible version found: git@'github.com:tewen/generator-angularfire.git'
32 error notarget Valid install targets:
32 error notarget ["0.1.0","0.1.1","0.1.2","0.1.3","0.1.4","0.1.5"]
32 error notarget
32 error notarget This is most likely not a problem with npm itself.
32 error notarget In most cases you or one of your dependencies are requesting
32 error notarget a package version that doesn't exist.
33 error System Darwin 12.5.0
34 error command "node" "/usr/local/bin/npm" "install" "git@github.com:tewen/generator-angularfire.git"
35 error cwd /TREVOREWEN/education/repos/generator-angularfire
36 error node -v v0.10.29
37 error npm -v 1.4.14
38 error code ETARGET
39 verbose exit [ 1, true ]
